<?xml version="1.0" encoding="UTF-8"?>
<testsuite name="com.project.cm.repository.UserRepositoryTest" tests="1" skipped="0" failures="0" errors="0" timestamp="2020-02-25T09:02:53" hostname="DESKTOP-C5EO2U3" time="0.789">
  <properties/>
  <testcase name="create()" classname="com.project.cm.repository.UserRepositoryTest" time="0.789"/>
  <system-out><![CDATA[18:02:40.404 [Test worker] DEBUG org.springframework.test.context.BootstrapUtils - Instantiating CacheAwareContextLoaderDelegate from class [org.springframework.test.context.cache.DefaultCacheAwareContextLoaderDelegate]
18:02:40.440 [Test worker] DEBUG org.springframework.test.context.BootstrapUtils - Instantiating BootstrapContext using constructor [public org.springframework.test.context.support.DefaultBootstrapContext(java.lang.Class,org.springframework.test.context.CacheAwareContextLoaderDelegate)]
18:02:40.511 [Test worker] DEBUG org.springframework.test.context.BootstrapUtils - Instantiating TestContextBootstrapper for test class [com.project.cm.repository.UserRepositoryTest] from class [org.springframework.boot.test.context.SpringBootTestContextBootstrapper]
18:02:40.548 [Test worker] INFO org.springframework.boot.test.context.SpringBootTestContextBootstrapper - Neither @ContextConfiguration nor @ContextHierarchy found for test class [com.project.cm.repository.UserRepositoryTest], using SpringBootContextLoader
18:02:40.558 [Test worker] DEBUG org.springframework.test.context.support.AbstractContextLoader - Did not detect default resource location for test class [com.project.cm.repository.UserRepositoryTest]: class path resource [com/project/cm/repository/UserRepositoryTest-context.xml] does not exist
18:02:40.559 [Test worker] DEBUG org.springframework.test.context.support.AbstractContextLoader - Did not detect default resource location for test class [com.project.cm.repository.UserRepositoryTest]: class path resource [com/project/cm/repository/UserRepositoryTestContext.groovy] does not exist
18:02:40.560 [Test worker] INFO org.springframework.test.context.support.AbstractContextLoader - Could not detect default resource locations for test class [com.project.cm.repository.UserRepositoryTest]: no resource found for suffixes {-context.xml, Context.groovy}.
18:02:40.562 [Test worker] INFO org.springframework.test.context.support.AnnotationConfigContextLoaderUtils - Could not detect default configuration classes for test class [com.project.cm.repository.UserRepositoryTest]: UserRepositoryTest does not declare any static, non-private, non-final, nested classes annotated with @Configuration.
18:02:40.688 [Test worker] DEBUG org.springframework.test.context.support.ActiveProfilesUtils - Could not find an 'annotation declaring class' for annotation type [org.springframework.test.context.ActiveProfiles] and class [com.project.cm.repository.UserRepositoryTest]
18:02:40.932 [Test worker] DEBUG org.springframework.context.annotation.ClassPathScanningCandidateComponentProvider - Identified candidate component class: file [C:\Users\pc\Desktop\cm\build\classes\java\main\com\project\cm\CmApplication.class]
18:02:40.936 [Test worker] INFO org.springframework.boot.test.context.SpringBootTestContextBootstrapper - Found @SpringBootConfiguration com.project.cm.CmApplication for test class com.project.cm.repository.UserRepositoryTest
18:02:41.218 [Test worker] DEBUG org.springframework.boot.test.context.SpringBootTestContextBootstrapper - @TestExecutionListeners is not present for class [com.project.cm.repository.UserRepositoryTest]: using defaults.
18:02:41.220 [Test worker] INFO org.springframework.boot.test.context.SpringBootTestContextBootstrapper - Loaded default TestExecutionListener class names from location [META-INF/spring.factories]: [org.springframework.boot.test.autoconfigure.restdocs.RestDocsTestExecutionListener, org.springframework.boot.test.autoconfigure.web.client.MockRestServiceServerResetTestExecutionListener, org.springframework.boot.test.autoconfigure.web.servlet.MockMvcPrintOnlyOnFailureTestExecutionListener, org.springframework.boot.test.autoconfigure.web.servlet.WebDriverTestExecutionListener, org.springframework.boot.test.mock.mockito.MockitoTestExecutionListener, org.springframework.boot.test.mock.mockito.ResetMocksTestExecutionListener, org.springframework.test.context.web.ServletTestExecutionListener, org.springframework.test.context.support.DirtiesContextBeforeModesTestExecutionListener, org.springframework.test.context.support.DependencyInjectionTestExecutionListener, org.springframework.test.context.support.DirtiesContextTestExecutionListener, org.springframework.test.context.transaction.TransactionalTestExecutionListener, org.springframework.test.context.jdbc.SqlScriptsTestExecutionListener, org.springframework.test.context.event.EventPublishingTestExecutionListener]
18:02:41.262 [Test worker] INFO org.springframework.boot.test.context.SpringBootTestContextBootstrapper - Using TestExecutionListeners: [org.springframework.test.context.web.ServletTestExecutionListener@7c64268f, org.springframework.test.context.support.DirtiesContextBeforeModesTestExecutionListener@7d43e49f, org.springframework.boot.test.mock.mockito.MockitoTestExecutionListener@74cf341d, org.springframework.boot.test.autoconfigure.SpringBootDependencyInjectionTestExecutionListener@4310e652, org.springframework.test.context.support.DirtiesContextTestExecutionListener@1e1df0e1, org.springframework.test.context.transaction.TransactionalTestExecutionListener@7c9898a1, org.springframework.test.context.jdbc.SqlScriptsTestExecutionListener@71fa24f3, org.springframework.test.context.event.EventPublishingTestExecutionListener@359c7ee8, org.springframework.boot.test.autoconfigure.restdocs.RestDocsTestExecutionListener@44771a42, org.springframework.boot.test.autoconfigure.web.client.MockRestServiceServerResetTestExecutionListener@7c92dffd, org.springframework.boot.test.autoconfigure.web.servlet.MockMvcPrintOnlyOnFailureTestExecutionListener@5cefa120, org.springframework.boot.test.autoconfigure.web.servlet.WebDriverTestExecutionListener@a52ff6b, org.springframework.boot.test.mock.mockito.ResetMocksTestExecutionListener@760b4169]
18:02:41.271 [Test worker] DEBUG org.springframework.test.context.support.AbstractDirtiesContextTestExecutionListener - Before test class: context [DefaultTestContext@717e6646 testClass = UserRepositoryTest, testInstance = [null], testMethod = [null], testException = [null], mergedContextConfiguration = [WebMergedContextConfiguration@328d8ab6 testClass = UserRepositoryTest, locations = '{}', classes = '{class com.project.cm.CmApplication}', contextInitializerClasses = '[]', activeProfiles = '{}', propertySourceLocations = '{}', propertySourceProperties = '{org.springframework.boot.test.context.SpringBootTestContextBootstrapper=true}', contextCustomizers = set[org.springframework.boot.test.autoconfigure.properties.PropertyMappingContextCustomizer@0, org.springframework.boot.test.autoconfigure.web.servlet.WebDriverContextCustomizerFactory$Customizer@22c1cb66, org.springframework.boot.test.context.filter.ExcludeFilterContextCustomizer@5833d76e, org.springframework.boot.test.json.DuplicateJsonObjectContextCustomizerFactory$DuplicateJsonObjectContextCustomizer@51c2c986, org.springframework.boot.test.mock.mockito.MockitoContextCustomizer@0, org.springframework.boot.test.web.client.TestRestTemplateContextCustomizer@288684d5], resourceBasePath = 'src/main/webapp', contextLoader = 'org.springframework.boot.test.context.SpringBootContextLoader', parent = [null]], attributes = map['org.springframework.test.context.web.ServletTestExecutionListener.activateListener' -> true]], class annotated with @DirtiesContext [false] with mode [null].
18:02:41.328 [Test worker] DEBUG org.springframework.test.context.support.TestPropertySourceUtils - Adding inlined properties to environment: {spring.jmx.enabled=false, org.springframework.boot.test.context.SpringBootTestContextBootstrapper=true, server.port=-1}

  .   ____          _            __ _ _
 /\\ / ___'_ __ _ _(_)_ __  __ _ \ \ \ \
( ( )\___ | '_ | '_| | '_ \/ _` | \ \ \ \
 \\/  ___)| |_)| | | | | || (_| |  ) ) ) )
  '  |____| .__|_| |_|_| |_\__, | / / / /
 =========|_|==============|___/=/_/_/_/
 :: Spring Boot ::        (v2.2.4.RELEASE)

2020-02-25 18:02:41.920  INFO 10172 --- [    Test worker] c.p.cm.repository.UserRepositoryTest     : Starting UserRepositoryTest on DESKTOP-C5EO2U3 with PID 10172 (started by pc in C:\Users\pc\Desktop\cm)
2020-02-25 18:02:41.923  INFO 10172 --- [    Test worker] c.p.cm.repository.UserRepositoryTest     : No active profile set, falling back to default profiles: default
2020-02-25 18:02:44.098  INFO 10172 --- [    Test worker] .s.d.r.c.RepositoryConfigurationDelegate : Bootstrapping Spring Data JPA repositories in DEFAULT mode.
2020-02-25 18:02:44.336  INFO 10172 --- [    Test worker] .s.d.r.c.RepositoryConfigurationDelegate : Finished Spring Data repository scanning in 216ms. Found 7 JPA repository interfaces.
2020-02-25 18:02:45.385  INFO 10172 --- [    Test worker] trationDelegate$BeanPostProcessorChecker : Bean 'org.springframework.transaction.annotation.ProxyTransactionManagementConfiguration' of type [org.springframework.transaction.annotation.ProxyTransactionManagementConfiguration] is not eligible for getting processed by all BeanPostProcessors (for example: not eligible for auto-proxying)
2020-02-25 18:02:45.883  INFO 10172 --- [    Test worker] com.zaxxer.hikari.HikariDataSource       : HikariPool-1 - Starting...
2020-02-25 18:02:46.266  INFO 10172 --- [    Test worker] com.zaxxer.hikari.HikariDataSource       : HikariPool-1 - Start completed.
2020-02-25 18:02:46.438  INFO 10172 --- [    Test worker] o.hibernate.jpa.internal.util.LogHelper  : HHH000204: Processing PersistenceUnitInfo [name: default]
2020-02-25 18:02:46.636  INFO 10172 --- [    Test worker] org.hibernate.Version                    : HHH000412: Hibernate Core {5.4.10.Final}
2020-02-25 18:02:47.106  INFO 10172 --- [    Test worker] o.hibernate.annotations.common.Version   : HCANN000001: Hibernate Commons Annotations {5.1.0.Final}
2020-02-25 18:02:47.425  INFO 10172 --- [    Test worker] org.hibernate.dialect.Dialect            : HHH000400: Using dialect: org.hibernate.dialect.MySQL8Dialect
2020-02-25 18:02:49.699  INFO 10172 --- [    Test worker] o.h.e.t.j.p.i.JtaPlatformInitiator       : HHH000490: Using JtaPlatform implementation: [org.hibernate.engine.transaction.jta.platform.internal.NoJtaPlatform]
2020-02-25 18:02:49.716  INFO 10172 --- [    Test worker] j.LocalContainerEntityManagerFactoryBean : Initialized JPA EntityManagerFactory for persistence unit 'default'
2020-02-25 18:02:50.525  WARN 10172 --- [    Test worker] JpaBaseConfiguration$JpaWebConfiguration : spring.jpa.open-in-view is enabled by default. Therefore, database queries may be performed during view rendering. Explicitly configure spring.jpa.open-in-view to disable this warning
2020-02-25 18:02:52.442  INFO 10172 --- [    Test worker] o.s.s.concurrent.ThreadPoolTaskExecutor  : Initializing ExecutorService 'applicationTaskExecutor'
2020-02-25 18:02:53.653  INFO 10172 --- [    Test worker] c.p.cm.repository.UserRepositoryTest     : Started UserRepositoryTest in 12.305 seconds (JVM running for 15.509)
Hibernate: insert into user (account, created_at, created_by, email, password, phone_number, registered_at, status, unregistered_at, updated_at, updated_by) values (?, ?, ?, ?, ?, ?, ?, ?, ?, ?, ?)
]]></system-out>
  <system-err><![CDATA[]]></system-err>
</testsuite>
